<?xml version="1.0" encoding="UTF-8"?>
<coverage generated="1780051551444" clover="3.2.0">
  <project timestamp="1780051551444" name="All files">
    <metrics statements="58" coveredstatements="58" conditionals="29" coveredconditionals="28" methods="6" coveredmethods="6" elements="93" coveredelements="92" complexity="0" loc="58" ncloc="58" packages="1" files="2" classes="2"/>
    <file name="calculator.js" path="/Users/hamid/Documents/Lab/Ecole/calculatorapi-js/src/calculator.js">
      <metrics statements="7" coveredstatements="7" conditionals="2" coveredconditionals="2" methods="4" coveredmethods="4"/>
      <line num="3" count="13" type="stmt"/>
      <line num="7" count="8" type="stmt"/>
      <line num="11" count="9" type="stmt"/>
      <line num="15" count="11" type="cond" truecount="2" falsecount="0"/>
      <line num="16" count="2" type="stmt"/>
      <line num="18" count="9" type="stmt"/>
      <line num="22" count="2" type="stmt"/>
    </file>
    <file name="server.js" path="/Users/hamid/Documents/Lab/Ecole/calculatorapi-js/src/server.js">
      <metrics statements="51" coveredstatements="51" conditionals="27" coveredconditionals="26" methods="2" coveredmethods="2"/>
      <line num="1" count="1" type="stmt"/>
      <line num="2" count="1" type="stmt"/>
      <line num="4" count="1" type="stmt"/>
      <line num="5" count="1" type="stmt"/>
      <line num="8" count="32" type="stmt"/>
      <line num="9" count="32" type="stmt"/>
      <line num="10" count="32" type="stmt"/>
      <line num="11" count="32" type="stmt"/>
      <line num="13" count="32" type="cond" truecount="2" falsecount="0"/>
      <line num="14" count="1" type="stmt"/>
      <line num="15" count="1" type="stmt"/>
      <line num="16" count="1" type="stmt"/>
      <line num="19" count="31" type="cond" truecount="2" falsecount="0"/>
      <line num="20" count="2" type="stmt"/>
      <line num="21" count="2" type="stmt"/>
      <line num="22" count="2" type="stmt"/>
      <line num="23" count="2" type="stmt"/>
      <line num="26" count="29" type="cond" truecount="1" falsecount="1"/>
      <line num="28" count="29" type="cond" truecount="2" falsecount="0"/>
      <line num="29" count="4" type="stmt"/>
      <line num="30" count="4" type="stmt"/>
      <line num="31" count="4" type="stmt"/>
      <line num="34" count="25" type="stmt"/>
      <line num="35" count="25" type="stmt"/>
      <line num="36" count="25" type="stmt"/>
      <line num="38" count="25" type="cond" truecount="5" falsecount="0"/>
      <line num="39" count="4" type="stmt"/>
      <line num="40" count="4" type="stmt"/>
      <line num="41" count="4" type="stmt"/>
      <line num="44" count="21" type="stmt"/>
      <line num="45" count="21" type="stmt"/>
      <line num="47" count="21" type="cond" truecount="4" falsecount="0"/>
      <line num="48" count="4" type="stmt"/>
      <line num="49" count="4" type="stmt"/>
      <line num="50" count="4" type="stmt"/>
      <line num="53" count="17" type="cond" truecount="2" falsecount="0"/>
      <line num="54" count="1" type="stmt"/>
      <line num="55" count="1" type="stmt"/>
      <line num="56" count="1" type="stmt"/>
      <line num="59" count="16" type="stmt"/>
      <line num="61" count="16" type="cond" truecount="2" falsecount="0"/>
      <line num="62" count="16" type="cond" truecount="2" falsecount="0"/>
      <line num="63" count="16" type="cond" truecount="2" falsecount="0"/>
      <line num="64" count="16" type="cond" truecount="2" falsecount="0"/>
      <line num="66" count="15" type="stmt"/>
      <line num="67" count="15" type="stmt"/>
      <line num="69" count="1" type="stmt"/>
      <line num="70" count="1" type="stmt"/>
      <line num="74" count="1" type="stmt"/>
      <line num="77" count="1" type="stmt"/>
      <line num="87" count="1" type="stmt"/>
    </file>
  </project>
</coverage>
