{"/Users/hamid/Documents/Lab/Ecole/calculatorapi-js/src/calculator.js": {"path":"/Users/hamid/Documents/Lab/Ecole/calculatorapi-js/src/calculator.js","statementMap":{"0":{"start":{"line":3,"column":4},"end":{"line":3,"column":17}},"1":{"start":{"line":7,"column":4},"end":{"line":7,"column":17}},"2":{"start":{"line":11,"column":4},"end":{"line":11,"column":17}},"3":{"start":{"line":15,"column":4},"end":{"line":17,"column":5}},"4":{"start":{"line":16,"column":6},"end":{"line":16,"column":55}},"5":{"start":{"line":18,"column":4},"end":{"line":18,"column":17}},"6":{"start":{"line":22,"column":0},"end":{"line":22,"column":28}}},"fnMap":{"0":{"name":"(anonymous_0)","decl":{"start":{"line":2,"column":2},"end":{"line":2,"column":3}},"loc":{"start":{"line":2,"column":12},"end":{"line":4,"column":3}},"line":2},"1":{"name":"(anonymous_1)","decl":{"start":{"line":6,"column":2},"end":{"line":6,"column":3}},"loc":{"start":{"line":6,"column":17},"end":{"line":8,"column":3}},"line":6},"2":{"name":"(anonymous_2)","decl":{"start":{"line":10,"column":2},"end":{"line":10,"column":3}},"loc":{"start":{"line":10,"column":17},"end":{"line":12,"column":3}},"line":10},"3":{"name":"(anonymous_3)","decl":{"start":{"line":14,"column":2},"end":{"line":14,"column":3}},"loc":{"start":{"line":14,"column":15},"end":{"line":19,"column":3}},"line":14}},"branchMap":{"0":{"loc":{"start":{"line":15,"column":4},"end":{"line":17,"column":5}},"type":"if","locations":[{"start":{"line":15,"column":4},"end":{"line":17,"column":5}},{"start":{},"end":{}}],"line":15}},"s":{"0":13,"1":8,"2":9,"3":11,"4":2,"5":9,"6":2},"f":{"0":13,"1":8,"2":9,"3":11},"b":{"0":[2,9]},"_coverageSchema":"1a1c01bbd47fc00a2c39e90264f33305004495a9","hash":"1d6149f639005245168959bd439110cdaebd02cf"}
,"/Users/hamid/Documents/Lab/Ecole/calculatorapi-js/src/server.js": {"path":"/Users/hamid/Documents/Lab/Ecole/calculatorapi-js/src/server.js","statementMap":{"0":{"start":{"line":1,"column":13},"end":{"line":1,"column":28}},"1":{"start":{"line":2,"column":12},"end":{"line":2,"column":26}},"2":{"start":{"line":3,"column":19},"end":{"line":3,"column":42}},"3":{"start":{"line":5,"column":13},"end":{"line":5,"column":17}},"4":{"start":{"line":6,"column":13},"end":{"line":6,"column":29}},"5":{"start":{"line":9,"column":2},"end":{"line":9,"column":67}},"6":{"start":{"line":10,"column":2},"end":{"line":10,"column":52}},"7":{"start":{"line":11,"column":2},"end":{"line":11,"column":64}},"8":{"start":{"line":12,"column":2},"end":{"line":12,"column":79}},"9":{"start":{"line":14,"column":2},"end":{"line":18,"column":3}},"10":{"start":{"line":15,"column":4},"end":{"line":15,"column":25}},"11":{"start":{"line":16,"column":4},"end":{"line":16,"column":14}},"12":{"start":{"line":17,"column":4},"end":{"line":17,"column":11}},"13":{"start":{"line":20,"column":2},"end":{"line":25,"column":3}},"14":{"start":{"line":21,"column":4},"end":{"line":21,"column":25}},"15":{"start":{"line":22,"column":4},"end":{"line":22,"column":43}},"16":{"start":{"line":23,"column":4},"end":{"line":23,"column":79}},"17":{"start":{"line":24,"column":4},"end":{"line":24,"column":11}},"18":{"start":{"line":27,"column":20},"end":{"line":27,"column":44}},"19":{"start":{"line":29,"column":2},"end":{"line":33,"column":3}},"20":{"start":{"line":30,"column":4},"end":{"line":30,"column":25}},"21":{"start":{"line":31,"column":4},"end":{"line":31,"column":61}},"22":{"start":{"line":32,"column":4},"end":{"line":32,"column":11}},"23":{"start":{"line":35,"column":30},"end":{"line":35,"column":45}},"24":{"start":{"line":37,"column":2},"end":{"line":41,"column":3}},"25":{"start":{"line":38,"column":4},"end":{"line":38,"column":25}},"26":{"start":{"line":39,"column":4},"end":{"line":39,"column":80}},"27":{"start":{"line":40,"column":4},"end":{"line":40,"column":11}},"28":{"start":{"line":43,"column":15},"end":{"line":43,"column":24}},"29":{"start":{"line":44,"column":15},"end":{"line":44,"column":24}},"30":{"start":{"line":46,"column":2},"end":{"line":50,"column":3}},"31":{"start":{"line":47,"column":4},"end":{"line":47,"column":25}},"32":{"start":{"line":48,"column":4},"end":{"line":48,"column":90}},"33":{"start":{"line":49,"column":4},"end":{"line":49,"column":11}},"34":{"start":{"line":52,"column":2},"end":{"line":56,"column":3}},"35":{"start":{"line":53,"column":4},"end":{"line":53,"column":25}},"36":{"start":{"line":54,"column":4},"end":{"line":54,"column":105}},"37":{"start":{"line":55,"column":4},"end":{"line":55,"column":11}},"38":{"start":{"line":58,"column":2},"end":{"line":70,"column":3}},"39":{"start":{"line":60,"column":4},"end":{"line":60,"column":59}},"40":{"start":{"line":60,"column":29},"end":{"line":60,"column":59}},"41":{"start":{"line":61,"column":4},"end":{"line":61,"column":69}},"42":{"start":{"line":61,"column":34},"end":{"line":61,"column":69}},"43":{"start":{"line":62,"column":4},"end":{"line":62,"column":69}},"44":{"start":{"line":62,"column":34},"end":{"line":62,"column":69}},"45":{"start":{"line":63,"column":4},"end":{"line":63,"column":65}},"46":{"start":{"line":63,"column":32},"end":{"line":63,"column":65}},"47":{"start":{"line":65,"column":4},"end":{"line":65,"column":25}},"48":{"start":{"line":66,"column":4},"end":{"line":66,"column":69}},"49":{"start":{"line":68,"column":4},"end":{"line":68,"column":25}},"50":{"start":{"line":69,"column":4},"end":{"line":69,"column":54}},"51":{"start":{"line":73,"column":15},"end":{"line":73,"column":48}},"52":{"start":{"line":75,"column":0},"end":{"line":79,"column":1}},"53":{"start":{"line":76,"column":2},"end":{"line":78,"column":5}},"54":{"start":{"line":77,"column":4},"end":{"line":77,"column":64}},"55":{"start":{"line":81,"column":0},"end":{"line":81,"column":44}}},"fnMap":{"0":{"name":"requestHandler","decl":{"start":{"line":8,"column":9},"end":{"line":8,"column":23}},"loc":{"start":{"line":8,"column":34},"end":{"line":71,"column":1}},"line":8},"1":{"name":"(anonymous_1)","decl":{"start":{"line":76,"column":22},"end":{"line":76,"column":23}},"loc":{"start":{"line":76,"column":28},"end":{"line":78,"column":3}},"line":76}},"branchMap":{"0":{"loc":{"start":{"line":14,"column":2},"end":{"line":18,"column":3}},"type":"if","locations":[{"start":{"line":14,"column":2},"end":{"line":18,"column":3}},{"start":{},"end":{}}],"line":14},"1":{"loc":{"start":{"line":20,"column":2},"end":{"line":25,"column":3}},"type":"if","locations":[{"start":{"line":20,"column":2},"end":{"line":25,"column":3}},{"start":{},"end":{}}],"line":20},"2":{"loc":{"start":{"line":29,"column":2},"end":{"line":33,"column":3}},"type":"if","locations":[{"start":{"line":29,"column":2},"end":{"line":33,"column":3}},{"start":{},"end":{}}],"line":29},"3":{"loc":{"start":{"line":37,"column":2},"end":{"line":41,"column":3}},"type":"if","locations":[{"start":{"line":37,"column":2},"end":{"line":41,"column":3}},{"start":{},"end":{}}],"line":37},"4":{"loc":{"start":{"line":37,"column":6},"end":{"line":37,"column":54}},"type":"binary-expr","locations":[{"start":{"line":37,"column":6},"end":{"line":37,"column":16}},{"start":{"line":37,"column":20},"end":{"line":37,"column":35}},{"start":{"line":37,"column":39},"end":{"line":37,"column":54}}],"line":37},"5":{"loc":{"start":{"line":46,"column":2},"end":{"line":50,"column":3}},"type":"if","locations":[{"start":{"line":46,"column":2},"end":{"line":50,"column":3}},{"start":{},"end":{}}],"line":46},"6":{"loc":{"start":{"line":46,"column":6},"end":{"line":46,"column":46}},"type":"binary-expr","locations":[{"start":{"line":46,"column":6},"end":{"line":46,"column":24}},{"start":{"line":46,"column":28},"end":{"line":46,"column":46}}],"line":46},"7":{"loc":{"start":{"line":52,"column":2},"end":{"line":56,"column":3}},"type":"if","locations":[{"start":{"line":52,"column":2},"end":{"line":56,"column":3}},{"start":{},"end":{}}],"line":52},"8":{"loc":{"start":{"line":60,"column":4},"end":{"line":60,"column":59}},"type":"if","locations":[{"start":{"line":60,"column":4},"end":{"line":60,"column":59}},{"start":{},"end":{}}],"line":60},"9":{"loc":{"start":{"line":61,"column":4},"end":{"line":61,"column":69}},"type":"if","locations":[{"start":{"line":61,"column":4},"end":{"line":61,"column":69}},{"start":{},"end":{}}],"line":61},"10":{"loc":{"start":{"line":62,"column":4},"end":{"line":62,"column":69}},"type":"if","locations":[{"start":{"line":62,"column":4},"end":{"line":62,"column":69}},{"start":{},"end":{}}],"line":62},"11":{"loc":{"start":{"line":63,"column":4},"end":{"line":63,"column":65}},"type":"if","locations":[{"start":{"line":63,"column":4},"end":{"line":63,"column":65}},{"start":{},"end":{}}],"line":63},"12":{"loc":{"start":{"line":75,"column":0},"end":{"line":79,"column":1}},"type":"if","locations":[{"start":{"line":75,"column":0},"end":{"line":79,"column":1}},{"start":{},"end":{}}],"line":75}},"s":{"0":1,"1":1,"2":1,"3":1,"4":1,"5":32,"6":32,"7":32,"8":32,"9":32,"10":1,"11":1,"12":1,"13":31,"14":2,"15":2,"16":2,"17":2,"18":29,"19":29,"20":4,"21":4,"22":4,"23":25,"24":25,"25":4,"26":4,"27":4,"28":21,"29":21,"30":21,"31":4,"32":4,"33":4,"34":17,"35":1,"36":1,"37":1,"38":16,"39":16,"40":7,"41":16,"42":2,"43":16,"44":3,"45":16,"46":4,"47":15,"48":15,"49":1,"50":1,"51":1,"52":1,"53":0,"54":0,"55":1},"f":{"0":32,"1":0},"b":{"0":[1,31],"1":[2,29],"2":[4,25],"3":[4,21],"4":[25,24,23],"5":[4,17],"6":[21,18],"7":[1,16],"8":[7,9],"9":[2,14],"10":[3,13],"11":[4,12],"12":[0,1]},"_coverageSchema":"1a1c01bbd47fc00a2c39e90264f33305004495a9","hash":"235911089cf65ee5cf5033235cd8f304bb7f7897"}
}
