{"/Users/hamid/Documents/Lab/Ecole/calculatorapi-js/src/calculator.js": {"path":"/Users/hamid/Documents/Lab/Ecole/calculatorapi-js/src/calculator.js","statementMap":{"0":{"start":{"line":3,"column":4},"end":{"line":3,"column":17}},"1":{"start":{"line":7,"column":4},"end":{"line":7,"column":17}},"2":{"start":{"line":11,"column":4},"end":{"line":11,"column":17}},"3":{"start":{"line":15,"column":4},"end":{"line":17,"column":5}},"4":{"start":{"line":16,"column":6},"end":{"line":16,"column":55}},"5":{"start":{"line":18,"column":4},"end":{"line":18,"column":17}},"6":{"start":{"line":22,"column":0},"end":{"line":22,"column":28}}},"fnMap":{"0":{"name":"(anonymous_0)","decl":{"start":{"line":2,"column":2},"end":{"line":2,"column":3}},"loc":{"start":{"line":2,"column":12},"end":{"line":4,"column":3}},"line":2},"1":{"name":"(anonymous_1)","decl":{"start":{"line":6,"column":2},"end":{"line":6,"column":3}},"loc":{"start":{"line":6,"column":17},"end":{"line":8,"column":3}},"line":6},"2":{"name":"(anonymous_2)","decl":{"start":{"line":10,"column":2},"end":{"line":10,"column":3}},"loc":{"start":{"line":10,"column":17},"end":{"line":12,"column":3}},"line":10},"3":{"name":"(anonymous_3)","decl":{"start":{"line":14,"column":2},"end":{"line":14,"column":3}},"loc":{"start":{"line":14,"column":15},"end":{"line":19,"column":3}},"line":14}},"branchMap":{"0":{"loc":{"start":{"line":15,"column":4},"end":{"line":17,"column":5}},"type":"if","locations":[{"start":{"line":15,"column":4},"end":{"line":17,"column":5}},{"start":{},"end":{}}],"line":15}},"s":{"0":13,"1":8,"2":9,"3":11,"4":2,"5":9,"6":2},"f":{"0":13,"1":8,"2":9,"3":11},"b":{"0":[2,9]},"_coverageSchema":"1a1c01bbd47fc00a2c39e90264f33305004495a9","hash":"1d6149f639005245168959bd439110cdaebd02cf"}
,"/Users/hamid/Documents/Lab/Ecole/calculatorapi-js/src/server.js": {"path":"/Users/hamid/Documents/Lab/Ecole/calculatorapi-js/src/server.js","statementMap":{"0":{"start":{"line":1,"column":13},"end":{"line":1,"column":28}},"1":{"start":{"line":2,"column":19},"end":{"line":2,"column":42}},"2":{"start":{"line":4,"column":13},"end":{"line":4,"column":17}},"3":{"start":{"line":5,"column":13},"end":{"line":5,"column":29}},"4":{"start":{"line":8,"column":2},"end":{"line":8,"column":67}},"5":{"start":{"line":9,"column":2},"end":{"line":9,"column":52}},"6":{"start":{"line":10,"column":2},"end":{"line":10,"column":64}},"7":{"start":{"line":11,"column":2},"end":{"line":11,"column":79}},"8":{"start":{"line":13,"column":2},"end":{"line":17,"column":3}},"9":{"start":{"line":14,"column":4},"end":{"line":14,"column":25}},"10":{"start":{"line":15,"column":4},"end":{"line":15,"column":14}},"11":{"start":{"line":16,"column":4},"end":{"line":16,"column":11}},"12":{"start":{"line":19,"column":2},"end":{"line":24,"column":3}},"13":{"start":{"line":20,"column":4},"end":{"line":20,"column":25}},"14":{"start":{"line":21,"column":4},"end":{"line":21,"column":43}},"15":{"start":{"line":22,"column":4},"end":{"line":22,"column":79}},"16":{"start":{"line":23,"column":4},"end":{"line":23,"column":11}},"17":{"start":{"line":26,"column":20},"end":{"line":26,"column":81}},"18":{"start":{"line":28,"column":2},"end":{"line":32,"column":3}},"19":{"start":{"line":29,"column":4},"end":{"line":29,"column":25}},"20":{"start":{"line":30,"column":4},"end":{"line":30,"column":61}},"21":{"start":{"line":31,"column":4},"end":{"line":31,"column":11}},"22":{"start":{"line":34,"column":20},"end":{"line":34,"column":59}},"23":{"start":{"line":35,"column":12},"end":{"line":35,"column":43}},"24":{"start":{"line":36,"column":12},"end":{"line":36,"column":43}},"25":{"start":{"line":38,"column":2},"end":{"line":42,"column":3}},"26":{"start":{"line":39,"column":4},"end":{"line":39,"column":25}},"27":{"start":{"line":40,"column":4},"end":{"line":40,"column":80}},"28":{"start":{"line":41,"column":4},"end":{"line":41,"column":11}},"29":{"start":{"line":44,"column":15},"end":{"line":44,"column":24}},"30":{"start":{"line":45,"column":15},"end":{"line":45,"column":24}},"31":{"start":{"line":47,"column":2},"end":{"line":51,"column":3}},"32":{"start":{"line":48,"column":4},"end":{"line":48,"column":25}},"33":{"start":{"line":49,"column":4},"end":{"line":49,"column":90}},"34":{"start":{"line":50,"column":4},"end":{"line":50,"column":11}},"35":{"start":{"line":53,"column":2},"end":{"line":57,"column":3}},"36":{"start":{"line":54,"column":4},"end":{"line":54,"column":25}},"37":{"start":{"line":55,"column":4},"end":{"line":55,"column":105}},"38":{"start":{"line":56,"column":4},"end":{"line":56,"column":11}},"39":{"start":{"line":59,"column":2},"end":{"line":71,"column":3}},"40":{"start":{"line":61,"column":4},"end":{"line":61,"column":59}},"41":{"start":{"line":61,"column":29},"end":{"line":61,"column":59}},"42":{"start":{"line":62,"column":4},"end":{"line":62,"column":69}},"43":{"start":{"line":62,"column":34},"end":{"line":62,"column":69}},"44":{"start":{"line":63,"column":4},"end":{"line":63,"column":69}},"45":{"start":{"line":63,"column":34},"end":{"line":63,"column":69}},"46":{"start":{"line":64,"column":4},"end":{"line":64,"column":65}},"47":{"start":{"line":64,"column":32},"end":{"line":64,"column":65}},"48":{"start":{"line":66,"column":4},"end":{"line":66,"column":25}},"49":{"start":{"line":67,"column":4},"end":{"line":67,"column":69}},"50":{"start":{"line":69,"column":4},"end":{"line":69,"column":25}},"51":{"start":{"line":70,"column":4},"end":{"line":70,"column":54}},"52":{"start":{"line":74,"column":15},"end":{"line":74,"column":48}},"53":{"start":{"line":77,"column":2},"end":{"line":77,"column":22}},"54":{"start":{"line":87,"column":0},"end":{"line":87,"column":57}}},"fnMap":{"0":{"name":"requestHandler","decl":{"start":{"line":7,"column":9},"end":{"line":7,"column":23}},"loc":{"start":{"line":7,"column":34},"end":{"line":72,"column":1}},"line":7},"1":{"name":"startServer","decl":{"start":{"line":76,"column":9},"end":{"line":76,"column":20}},"loc":{"start":{"line":76,"column":23},"end":{"line":78,"column":1}},"line":76}},"branchMap":{"0":{"loc":{"start":{"line":13,"column":2},"end":{"line":17,"column":3}},"type":"if","locations":[{"start":{"line":13,"column":2},"end":{"line":17,"column":3}},{"start":{},"end":{}}],"line":13},"1":{"loc":{"start":{"line":19,"column":2},"end":{"line":24,"column":3}},"type":"if","locations":[{"start":{"line":19,"column":2},"end":{"line":24,"column":3}},{"start":{},"end":{}}],"line":19},"2":{"loc":{"start":{"line":26,"column":47},"end":{"line":26,"column":78}},"type":"binary-expr","locations":[{"start":{"line":26,"column":47},"end":{"line":26,"column":63}},{"start":{"line":26,"column":67},"end":{"line":26,"column":78}}],"line":26},"3":{"loc":{"start":{"line":28,"column":2},"end":{"line":32,"column":3}},"type":"if","locations":[{"start":{"line":28,"column":2},"end":{"line":32,"column":3}},{"start":{},"end":{}}],"line":28},"4":{"loc":{"start":{"line":38,"column":2},"end":{"line":42,"column":3}},"type":"if","locations":[{"start":{"line":38,"column":2},"end":{"line":42,"column":3}},{"start":{},"end":{}}],"line":38},"5":{"loc":{"start":{"line":38,"column":6},"end":{"line":38,"column":44}},"type":"binary-expr","locations":[{"start":{"line":38,"column":6},"end":{"line":38,"column":16}},{"start":{"line":38,"column":20},"end":{"line":38,"column":30}},{"start":{"line":38,"column":34},"end":{"line":38,"column":44}}],"line":38},"6":{"loc":{"start":{"line":47,"column":2},"end":{"line":51,"column":3}},"type":"if","locations":[{"start":{"line":47,"column":2},"end":{"line":51,"column":3}},{"start":{},"end":{}}],"line":47},"7":{"loc":{"start":{"line":47,"column":6},"end":{"line":47,"column":46}},"type":"binary-expr","locations":[{"start":{"line":47,"column":6},"end":{"line":47,"column":24}},{"start":{"line":47,"column":28},"end":{"line":47,"column":46}}],"line":47},"8":{"loc":{"start":{"line":53,"column":2},"end":{"line":57,"column":3}},"type":"if","locations":[{"start":{"line":53,"column":2},"end":{"line":57,"column":3}},{"start":{},"end":{}}],"line":53},"9":{"loc":{"start":{"line":61,"column":4},"end":{"line":61,"column":59}},"type":"if","locations":[{"start":{"line":61,"column":4},"end":{"line":61,"column":59}},{"start":{},"end":{}}],"line":61},"10":{"loc":{"start":{"line":62,"column":4},"end":{"line":62,"column":69}},"type":"if","locations":[{"start":{"line":62,"column":4},"end":{"line":62,"column":69}},{"start":{},"end":{}}],"line":62},"11":{"loc":{"start":{"line":63,"column":4},"end":{"line":63,"column":69}},"type":"if","locations":[{"start":{"line":63,"column":4},"end":{"line":63,"column":69}},{"start":{},"end":{}}],"line":63},"12":{"loc":{"start":{"line":64,"column":4},"end":{"line":64,"column":65}},"type":"if","locations":[{"start":{"line":64,"column":4},"end":{"line":64,"column":65}},{"start":{},"end":{}}],"line":64}},"s":{"0":1,"1":1,"2":1,"3":1,"4":32,"5":32,"6":32,"7":32,"8":32,"9":1,"10":1,"11":1,"12":31,"13":2,"14":2,"15":2,"16":2,"17":29,"18":29,"19":4,"20":4,"21":4,"22":25,"23":25,"24":25,"25":25,"26":4,"27":4,"28":4,"29":21,"30":21,"31":21,"32":4,"33":4,"34":4,"35":17,"36":1,"37":1,"38":1,"39":16,"40":16,"41":7,"42":16,"43":2,"44":16,"45":3,"46":16,"47":4,"48":15,"49":15,"50":1,"51":1,"52":1,"53":1,"54":1},"f":{"0":32,"1":1},"b":{"0":[1,31],"1":[2,29],"2":[29,0],"3":[4,25],"4":[4,21],"5":[25,24,23],"6":[4,17],"7":[21,18],"8":[1,16],"9":[7,9],"10":[2,14],"11":[3,13],"12":[4,12]},"_coverageSchema":"1a1c01bbd47fc00a2c39e90264f33305004495a9","hash":"a9b35c93754c2f27b518b5d27253c1f72afd4838"}
}
