TN:
SF:src/calculator.js
FN:2,(anonymous_0)
FN:6,(anonymous_1)
FN:10,(anonymous_2)
FN:14,(anonymous_3)
FNF:4
FNH:4
FNDA:13,(anonymous_0)
FNDA:8,(anonymous_1)
FNDA:9,(anonymous_2)
FNDA:11,(anonymous_3)
DA:3,13
DA:7,8
DA:11,9
DA:15,11
DA:16,2
DA:18,9
DA:22,2
LF:7
LH:7
BRDA:15,0,0,2
BRDA:15,0,1,9
BRF:2
BRH:2
end_of_record
TN:
SF:src/server.js
FN:8,requestHandler
FN:76,(anonymous_1)
FNF:2
FNH:1
FNDA:32,requestHandler
FNDA:0,(anonymous_1)
DA:1,1
DA:2,1
DA:3,1
DA:5,1
DA:6,1
DA:9,32
DA:10,32
DA:11,32
DA:12,32
DA:14,32
DA:15,1
DA:16,1
DA:17,1
DA:20,31
DA:21,2
DA:22,2
DA:23,2
DA:24,2
DA:27,29
DA:29,29
DA:30,4
DA:31,4
DA:32,4
DA:35,25
DA:37,25
DA:38,4
DA:39,4
DA:40,4
DA:43,21
DA:44,21
DA:46,21
DA:47,4
DA:48,4
DA:49,4
DA:52,17
DA:53,1
DA:54,1
DA:55,1
DA:58,16
DA:60,16
DA:61,16
DA:62,16
DA:63,16
DA:65,15
DA:66,15
DA:68,1
DA:69,1
DA:73,1
DA:75,1
DA:76,0
DA:77,0
DA:81,1
LF:52
LH:50
BRDA:14,0,0,1
BRDA:14,0,1,31
BRDA:20,1,0,2
BRDA:20,1,1,29
BRDA:29,2,0,4
BRDA:29,2,1,25
BRDA:37,3,0,4
BRDA:37,3,1,21
BRDA:37,4,0,25
BRDA:37,4,1,24
BRDA:37,4,2,23
BRDA:46,5,0,4
BRDA:46,5,1,17
BRDA:46,6,0,21
BRDA:46,6,1,18
BRDA:52,7,0,1
BRDA:52,7,1,16
BRDA:60,8,0,7
BRDA:60,8,1,9
BRDA:61,9,0,2
BRDA:61,9,1,14
BRDA:62,10,0,3
BRDA:62,10,1,13
BRDA:63,11,0,4
BRDA:63,11,1,12
BRDA:75,12,0,0
BRDA:75,12,1,1
BRF:27
BRH:26
end_of_record
