TN:
SF:src/calculator.js
FN:2,(anonymous_0)
FN:6,(anonymous_1)
FN:10,(anonymous_2)
FN:14,(anonymous_3)
FNF:4
FNH:4
FNDA:13,(anonymous_0)
FNDA:8,(anonymous_1)
FNDA:9,(anonymous_2)
FNDA:11,(anonymous_3)
DA:3,13
DA:7,8
DA:11,9
DA:15,11
DA:16,2
DA:18,9
DA:22,2
LF:7
LH:7
BRDA:15,0,0,2
BRDA:15,0,1,9
BRF:2
BRH:2
end_of_record
TN:
SF:src/server.js
FN:7,requestHandler
FN:76,startServer
FNF:2
FNH:2
FNDA:32,requestHandler
FNDA:1,startServer
DA:1,1
DA:2,1
DA:4,1
DA:5,1
DA:8,32
DA:9,32
DA:10,32
DA:11,32
DA:13,32
DA:14,1
DA:15,1
DA:16,1
DA:19,31
DA:20,2
DA:21,2
DA:22,2
DA:23,2
DA:26,29
DA:28,29
DA:29,4
DA:30,4
DA:31,4
DA:34,25
DA:35,25
DA:36,25
DA:38,25
DA:39,4
DA:40,4
DA:41,4
DA:44,21
DA:45,21
DA:47,21
DA:48,4
DA:49,4
DA:50,4
DA:53,17
DA:54,1
DA:55,1
DA:56,1
DA:59,16
DA:61,16
DA:62,16
DA:63,16
DA:64,16
DA:66,15
DA:67,15
DA:69,1
DA:70,1
DA:74,1
DA:77,1
DA:87,1
LF:51
LH:51
BRDA:13,0,0,1
BRDA:13,0,1,31
BRDA:19,1,0,2
BRDA:19,1,1,29
BRDA:26,2,0,29
BRDA:26,2,1,0
BRDA:28,3,0,4
BRDA:28,3,1,25
BRDA:38,4,0,4
BRDA:38,4,1,21
BRDA:38,5,0,25
BRDA:38,5,1,24
BRDA:38,5,2,23
BRDA:47,6,0,4
BRDA:47,6,1,17
BRDA:47,7,0,21
BRDA:47,7,1,18
BRDA:53,8,0,1
BRDA:53,8,1,16
BRDA:61,9,0,7
BRDA:61,9,1,9
BRDA:62,10,0,2
BRDA:62,10,1,14
BRDA:63,11,0,3
BRDA:63,11,1,13
BRDA:64,12,0,4
BRDA:64,12,1,12
BRF:27
BRH:26
end_of_record
